<?xml version="1.0" encoding="UTF-8"?>
<Site BuildName="Linux-g++"
	BuildStamp="20230801-0809-Experimental"
	Name="archmemoid"
	Generator="ctest-3.27.1"
	CompilerName="/usr/bin/g++"
	CompilerVersion="13.1.1"
	OSName="Linux"
	Hostname="archmemoid"
	OSRelease="6.4.7-arch1-1"
	OSVersion="#1 SMP PREEMPT_DYNAMIC Thu, 27 Jul 2023 22:02:18 +0000"
	OSPlatform="x86_64"
	Is64Bits="1"
	VendorString="GenuineIntel"
	VendorID="Intel Corporation"
	FamilyID="6"
	ModelID="165"
	ProcessorCacheSize="8192"
	NumberOfLogicalCPU="8"
	NumberOfPhysicalCPU="4"
	TotalVirtualMemory="15258"
	TotalPhysicalMemory="15764"
	LogicalProcessorsPerPhysical="2"
	ProcessorClockFrequency="3480.49"
	>
	<Testing>
		<StartDateTime>Aug 01 21:35 +03</StartDateTime>
		<StartTestTime>1690914952</StartTestTime>
		<TestList/>
		<EndDateTime>Aug 01 21:35 +03</EndDateTime>
		<EndTestTime>1690914952</EndTestTime>
		<ElapsedMinutes>0</ElapsedMinutes>
	</Testing>
</Site>
